{"C:\\Users\\tomas\\Desktop\\0001 DUOMENU ANALITIKA\\21_smart_rent\\src\\testUtils.tsx": {"path":"C:\\Users\\tomas\\Desktop\\0001 DUOMENU ANALITIKA\\21_smart_rent\\src\\testUtils.tsx","statementMap":{"0":{"start":{"line":1,"column":0},"end":{"line":1,"column":26}},"1":{"start":{"line":2,"column":0},"end":{"line":2,"column":63}},"2":{"start":{"line":3,"column":0},"end":{"line":3,"column":49}},"3":{"start":{"line":6,"column":24},"end":{"line":13,"column":2}},"4":{"start":{"line":16,"column":13},"end":{"line":16,"column":64}},"5":{"start":{"line":19,"column":21},"end":{"line":27,"column":1}},"6":{"start":{"line":19,"column":32},"end":{"line":19,"column":65}},"7":{"start":{"line":20,"column":2},"end":{"line":26,"column":4}},"8":{"start":{"line":29,"column":21},"end":{"line":32,"column":11}},"9":{"start":{"line":32,"column":5},"end":{"line":32,"column":55}},"10":{"start":{"line":38,"column":25},"end":{"line":38,"column":31}},"11":{"start":{"line":35,"column":0},"end":{"line":35,"column":39}}},"fnMap":{"0":{"name":"(anonymous_7)","decl":{"start":{"line":19,"column":21},"end":{"line":19,"column":22}},"loc":{"start":{"line":19,"column":65},"end":{"line":27,"column":1}}},"1":{"name":"(anonymous_8)","decl":{"start":{"line":29,"column":21},"end":{"line":29,"column":null}},"loc":{"start":{"line":31,"column":42},"end":{"line":32,"column":11}}}},"branchMap":{},"s":{"0":1,"1":1,"2":1,"3":1,"4":1,"5":1,"6":1,"7":1,"8":1,"9":1,"10":1,"11":1},"f":{"0":1,"1":1},"b":{}}
,"C:\\Users\\tomas\\Desktop\\0001 DUOMENU ANALITIKA\\21_smart_rent\\src\\components\\web3\\NetworkSwitch.tsx": {"path":"C:\\Users\\tomas\\Desktop\\0001 DUOMENU ANALITIKA\\21_smart_rent\\src\\components\\web3\\NetworkSwitch.tsx","statementMap":{"0":{"start":{"line":1,"column":0},"end":{"line":1,"column":26}},"1":{"start":{"line":2,"column":0},"end":{"line":2,"column":62}},"2":{"start":{"line":3,"column":0},"end":{"line":3,"column":60}},"3":{"start":{"line":5,"column":39},"end":{"line":38,"column":1}},"4":{"start":{"line":6,"column":36},"end":{"line":6,"column":52}},"5":{"start":{"line":6,"column":17},"end":{"line":6,"column":19}},"6":{"start":{"line":6,"column":31},"end":{"line":6,"column":36}},"7":{"start":{"line":7,"column":19},"end":{"line":7,"column":69}},"8":{"start":{"line":9,"column":30},"end":{"line":15,"column":4}},"9":{"start":{"line":9,"column":58},"end":{"line":15,"column":4}},"10":{"start":{"line":11,"column":6},"end":{"line":11,"column":68}},"11":{"start":{"line":13,"column":6},"end":{"line":13,"column":56}},"12":{"start":{"line":17,"column":2},"end":{"line":37,"column":4}},"13":{"start":{"line":21,"column":25},"end":{"line":21,"column":null}},"14":{"start":{"line":25,"column":52},"end":{"line":25,"column":54}},"15":{"start":{"line":25,"column":58},"end":{"line":25,"column":59}},"16":{"start":{"line":25,"column":64},"end":{"line":29,"column":10}},"17":{"start":{"line":5,"column":13},"end":{"line":5,"column":39}}},"fnMap":{"0":{"name":"(anonymous_14)","decl":{"start":{"line":5,"column":39},"end":{"line":5,"column":null}},"loc":{"start":{"line":5,"column":39},"end":{"line":38,"column":1}}},"1":{"name":"(anonymous_15)","decl":{"start":{"line":9,"column":30},"end":{"line":9,"column":37}},"loc":{"start":{"line":9,"column":58},"end":{"line":15,"column":4}}},"2":{"name":"(anonymous_16)","decl":{"start":{"line":9,"column":58},"end":{"line":9,"column":null}},"loc":{"start":{"line":9,"column":58},"end":{"line":15,"column":4}}},"3":{"name":"(anonymous_18)","decl":{"start":{"line":21,"column":18},"end":{"line":21,"column":19}},"loc":{"start":{"line":21,"column":20},"end":{"line":21,"column":44}}},"4":{"name":"(anonymous_19)","decl":{"start":{"line":25,"column":48},"end":{"line":25,"column":49}},"loc":{"start":{"line":25,"column":59},"end":{"line":25,"column":null}}}},"branchMap":{"0":{"loc":{"start":{"line":20,"column":15},"end":{"line":20,"column":28}},"type":"binary-expr","locations":[{"start":{"line":20,"column":15},"end":{"line":20,"column":22}},{"start":{"line":20,"column":26},"end":{"line":20,"column":28}}]},"1":{"loc":{"start":{"line":31,"column":7},"end":{"line":34,"column":null}},"type":"binary-expr","locations":[{"start":{"line":31,"column":7},"end":{"line":31,"column":19}},{"start":{"line":32,"column":8},"end":{"line":33,"column":null}}]}},"s":{"0":2,"1":2,"2":2,"3":2,"4":0,"5":0,"6":0,"7":0,"8":0,"9":0,"10":0,"11":0,"12":0,"13":0,"14":0,"15":0,"16":0,"17":2},"f":{"0":0,"1":0,"2":0,"3":0,"4":0},"b":{"0":[0,0],"1":[0,0]}}
,"C:\\Users\\tomas\\Desktop\\0001 DUOMENU ANALITIKA\\21_smart_rent\\src\\utils\\ErrorHandler.ts": {"path":"C:\\Users\\tomas\\Desktop\\0001 DUOMENU ANALITIKA\\21_smart_rent\\src\\utils\\ErrorHandler.ts","statementMap":{"0":{"start":{"line":1,"column":0},"end":{"line":1,"column":null}},"1":{"start":{"line":3,"column":2},"end":{"line":3,"column":null}},"2":{"start":{"line":4,"column":2},"end":{"line":4,"column":null}},"3":{"start":{"line":5,"column":2},"end":{"line":5,"column":null}},"4":{"start":{"line":8,"column":2},"end":{"line":8,"column":null}},"5":{"start":{"line":9,"column":2},"end":{"line":9,"column":null}},"6":{"start":{"line":10,"column":2},"end":{"line":10,"column":null}},"7":{"start":{"line":13,"column":2},"end":{"line":13,"column":null}},"8":{"start":{"line":14,"column":2},"end":{"line":14,"column":null}},"9":{"start":{"line":15,"column":2},"end":{"line":15,"column":null}},"10":{"start":{"line":16,"column":2},"end":{"line":16,"column":null}},"11":{"start":{"line":19,"column":2},"end":{"line":19,"column":null}}},"fnMap":{"0":{"name":"(anonymous_0)","decl":{"start":{"line":1,"column":0},"end":{"line":1,"column":12}},"loc":{"start":{"line":1,"column":21},"end":{"line":20,"column":1}}}},"branchMap":{"0":{"loc":{"start":{"line":1,"column":12},"end":{"line":1,"column":null}},"type":"binary-expr","locations":[{"start":{"line":1,"column":12},"end":{"line":1,"column":21}},{"start":{"line":1,"column":21},"end":{"line":1,"column":null}}]}},"s":{"0":2,"1":2,"2":2,"3":2,"4":2,"5":2,"6":2,"7":2,"8":2,"9":2,"10":2,"11":2},"f":{"0":2},"b":{"0":[2,2]}}
,"C:\\Users\\tomas\\Desktop\\0001 DUOMENU ANALITIKA\\21_smart_rent\\src\\utils\\contractUtils.ts": {"path":"C:\\Users\\tomas\\Desktop\\0001 DUOMENU ANALITIKA\\21_smart_rent\\src\\utils\\contractUtils.ts","statementMap":{"0":{"start":{"line":1,"column":0},"end":{"line":1,"column":32}},"1":{"start":{"line":3,"column":0},"end":{"line":3,"column":76}},"2":{"start":{"line":5,"column":0},"end":{"line":5,"column":13}},"3":{"start":{"line":10,"column":4},"end":{"line":10,"column":71}},"4":{"start":{"line":11,"column":4},"end":{"line":15,"column":20}},"5":{"start":{"line":18,"column":8},"end":{"line":40,"column":null}},"6":{"start":{"line":25,"column":6},"end":{"line":27,"column":7}},"7":{"start":{"line":26,"column":8},"end":{"line":26,"column":63}},"8":{"start":{"line":29,"column":12},"end":{"line":33,"column":8}},"9":{"start":{"line":35,"column":13},"end":{"line":35,"column":66}},"10":{"start":{"line":35,"column":6},"end":{"line":35,"column":66}},"11":{"start":{"line":37,"column":6},"end":{"line":37,"column":54}},"12":{"start":{"line":38,"column":6},"end":{"line":38,"column":67}},"13":{"start":{"line":42,"column":8},"end":{"line":64,"column":null}},"14":{"start":{"line":49,"column":6},"end":{"line":51,"column":7}},"15":{"start":{"line":50,"column":8},"end":{"line":50,"column":53}},"16":{"start":{"line":53,"column":12},"end":{"line":57,"column":8}},"17":{"start":{"line":59,"column":13},"end":{"line":59,"column":66}},"18":{"start":{"line":59,"column":6},"end":{"line":59,"column":66}},"19":{"start":{"line":61,"column":6},"end":{"line":61,"column":54}},"20":{"start":{"line":62,"column":6},"end":{"line":62,"column":67}},"21":{"start":{"line":65,"column":0},"end":{"line":65,"column":null}},"22":{"start":{"line":5,"column":13},"end":{"line":5,"column":28}}},"fnMap":{"0":{"name":"(anonymous_13)","decl":{"start":{"line":5,"column":0},"end":{"line":5,"column":13}},"loc":{"start":{"line":5,"column":0},"end":{"line":65,"column":null}}},"1":{"name":"ContractService","decl":{"start":{"line":9,"column":2},"end":{"line":9,"column":14}},"loc":{"start":{"line":9,"column":68},"end":{"line":16,"column":3}}},"2":{"name":"(anonymous_15)","decl":{"start":{"line":18,"column":2},"end":{"line":18,"column":8}},"loc":{"start":{"line":21,"column":27},"end":{"line":40,"column":null}}},"3":{"name":"(anonymous_18)","decl":{"start":{"line":42,"column":2},"end":{"line":42,"column":8}},"loc":{"start":{"line":45,"column":17},"end":{"line":64,"column":null}}}},"branchMap":{"0":{"loc":{"start":{"line":35,"column":6},"end":{"line":35,"column":66}},"type":"switch","locations":[{"start":{"line":35,"column":6},"end":{"line":35,"column":66}}]},"1":{"loc":{"start":{"line":25,"column":6},"end":{"line":27,"column":7}},"type":"if","locations":[{"start":{"line":25,"column":6},"end":{"line":27,"column":7}}]},"2":{"loc":{"start":{"line":25,"column":10},"end":{"line":25,"column":68}},"type":"binary-expr","locations":[{"start":{"line":25,"column":10},"end":{"line":25,"column":22}},{"start":{"line":25,"column":26},"end":{"line":25,"column":44}},{"start":{"line":25,"column":48},"end":{"line":25,"column":68}}]},"3":{"loc":{"start":{"line":59,"column":6},"end":{"line":59,"column":66}},"type":"switch","locations":[{"start":{"line":59,"column":6},"end":{"line":59,"column":66}}]},"4":{"loc":{"start":{"line":49,"column":6},"end":{"line":51,"column":7}},"type":"if","locations":[{"start":{"line":49,"column":6},"end":{"line":51,"column":7}}]},"5":{"loc":{"start":{"line":49,"column":10},"end":{"line":49,"column":55}},"type":"binary-expr","locations":[{"start":{"line":49,"column":10},"end":{"line":49,"column":24}},{"start":{"line":49,"column":28},"end":{"line":49,"column":41}},{"start":{"line":49,"column":45},"end":{"line":49,"column":55}}]}},"s":{"0":1,"1":1,"2":1,"3":1,"4":0,"5":1,"6":0,"7":0,"8":0,"9":0,"10":0,"11":0,"12":0,"13":1,"14":0,"15":0,"16":0,"17":0,"18":0,"19":0,"20":0,"21":1,"22":1},"f":{"0":1,"1":1,"2":0,"3":0},"b":{"0":[0],"1":[0],"2":[0,0,0],"3":[0],"4":[0],"5":[0,0,0]}}
,"C:\\Users\\tomas\\Desktop\\0001 DUOMENU ANALITIKA\\21_smart_rent\\src\\utils\\networkUtils.ts": {"path":"C:\\Users\\tomas\\Desktop\\0001 DUOMENU ANALITIKA\\21_smart_rent\\src\\utils\\networkUtils.ts","statementMap":{"0":{"start":{"line":1,"column":13},"end":{"line":5,"column":2}},"1":{"start":{"line":7,"column":0},"end":{"line":7,"column":13}},"2":{"start":{"line":8,"column":15},"end":{"line":17,"column":null}},"3":{"start":{"line":9,"column":20},"end":{"line":9,"column":null}},"4":{"start":{"line":9,"column":10},"end":{"line":9,"column":null}},"5":{"start":{"line":10,"column":10},"end":{"line":10,"column":36}},"6":{"start":{"line":12,"column":4},"end":{"line":14,"column":5}},"7":{"start":{"line":13,"column":6},"end":{"line":13,"column":113}},"8":{"start":{"line":16,"column":4},"end":{"line":16,"column":16}},"9":{"start":{"line":19,"column":15},"end":{"line":27,"column":null}},"10":{"start":{"line":21,"column":6},"end":{"line":23,"column":9}},"11":{"start":{"line":25,"column":6},"end":{"line":25,"column":68}},"12":{"start":{"line":28,"column":0},"end":{"line":28,"column":null}},"13":{"start":{"line":7,"column":13},"end":{"line":7,"column":29}}},"fnMap":{"0":{"name":"(anonymous_13)","decl":{"start":{"line":7,"column":0},"end":{"line":7,"column":13}},"loc":{"start":{"line":7,"column":0},"end":{"line":28,"column":null}}},"1":{"name":"(anonymous_15)","decl":{"start":{"line":8,"column":2},"end":{"line":8,"column":15}},"loc":{"start":{"line":8,"column":70},"end":{"line":17,"column":null}}},"2":{"name":"(anonymous_18)","decl":{"start":{"line":19,"column":2},"end":{"line":19,"column":15}},"loc":{"start":{"line":19,"column":91},"end":{"line":27,"column":null}}}},"branchMap":{"0":{"loc":{"start":{"line":9,"column":20},"end":{"line":9,"column":null}},"type":"switch","locations":[{"start":{"line":9,"column":20},"end":{"line":9,"column":null}}]},"1":{"loc":{"start":{"line":12,"column":4},"end":{"line":14,"column":5}},"type":"if","locations":[{"start":{"line":12,"column":4},"end":{"line":14,"column":5}}]}},"s":{"0":1,"1":1,"2":1,"3":2,"4":2,"5":2,"6":2,"7":1,"8":1,"9":1,"10":1,"11":1,"12":1,"13":1},"f":{"0":1,"1":2,"2":1},"b":{"0":[2],"1":[1]}}
,"C:\\Users\\tomas\\Desktop\\0001 DUOMENU ANALITIKA\\21_smart_rent\\src\\utils\\transactionTracker.ts": {"path":"C:\\Users\\tomas\\Desktop\\0001 DUOMENU ANALITIKA\\21_smart_rent\\src\\utils\\transactionTracker.ts","statementMap":{"0":{"start":{"line":1,"column":0},"end":{"line":1,"column":null}},"1":{"start":{"line":2,"column":2},"end":{"line":2,"column":null}},"2":{"start":{"line":3,"column":2},"end":{"line":3,"column":null}},"3":{"start":{"line":4,"column":2},"end":{"line":4,"column":null}},"4":{"start":{"line":5,"column":2},"end":{"line":5,"column":null}},"5":{"start":{"line":15,"column":0},"end":{"line":15,"column":13}},"6":{"start":{"line":18,"column":15},"end":{"line":49,"column":null}},"7":{"start":{"line":23,"column":12},"end":{"line":27,"column":8}},"8":{"start":{"line":30,"column":17},"end":{"line":30,"column":null}},"9":{"start":{"line":30,"column":12},"end":{"line":30,"column":null}},"10":{"start":{"line":31,"column":6},"end":{"line":31,"column":27}},"11":{"start":{"line":32,"column":6},"end":{"line":32,"column":46}},"12":{"start":{"line":35,"column":22},"end":{"line":35,"column":null}},"13":{"start":{"line":35,"column":12},"end":{"line":35,"column":null}},"14":{"start":{"line":37,"column":6},"end":{"line":37,"column":49}},"15":{"start":{"line":38,"column":6},"end":{"line":38,"column":50}},"16":{"start":{"line":40,"column":6},"end":{"line":40,"column":19}},"17":{"start":{"line":42,"column":6},"end":{"line":47,"column":8}},"18":{"start":{"line":16,"column":26},"end":{"line":16,"column":53}},"19":{"start":{"line":50,"column":0},"end":{"line":50,"column":null}},"20":{"start":{"line":15,"column":13},"end":{"line":15,"column":31}}},"fnMap":{"0":{"name":"(anonymous_13)","decl":{"start":{"line":1,"column":0},"end":{"line":1,"column":12}},"loc":{"start":{"line":1,"column":29},"end":{"line":6,"column":1}}},"1":{"name":"(anonymous_14)","decl":{"start":{"line":15,"column":0},"end":{"line":15,"column":13}},"loc":{"start":{"line":15,"column":0},"end":{"line":15,"column":13}}},"2":{"name":"(anonymous_16)","decl":{"start":{"line":18,"column":2},"end":{"line":18,"column":15}},"loc":{"start":{"line":19,"column":50},"end":{"line":49,"column":null}}}},"branchMap":{"0":{"loc":{"start":{"line":1,"column":12},"end":{"line":1,"column":null}},"type":"binary-expr","locations":[{"start":{"line":1,"column":12},"end":{"line":1,"column":29}},{"start":{"line":1,"column":29},"end":{"line":1,"column":null}}]}},"s":{"0":1,"1":1,"2":1,"3":1,"4":1,"5":1,"6":1,"7":0,"8":0,"9":0,"10":0,"11":0,"12":0,"13":0,"14":0,"15":0,"16":0,"17":0,"18":1,"19":1,"20":1},"f":{"0":1,"1":1,"2":0},"b":{"0":[1,1]}}
}
