TN:
SF:src\testUtils.tsx
FN:19,(anonymous_7)
FN:29,(anonymous_8)
FNF:2
FNH:2
FNDA:1,(anonymous_7)
FNDA:1,(anonymous_8)
DA:1,1
DA:2,1
DA:3,1
DA:6,1
DA:16,1
DA:19,1
DA:20,1
DA:29,1
DA:32,1
DA:35,1
DA:38,1
LF:11
LH:11
BRF:0
BRH:0
end_of_record
TN:
SF:src\components\web3\NetworkSwitch.tsx
FN:5,(anonymous_14)
FN:9,(anonymous_15)
FN:9,(anonymous_16)
FN:21,(anonymous_18)
FN:25,(anonymous_19)
FNF:5
FNH:0
FNDA:0,(anonymous_14)
FNDA:0,(anonymous_15)
FNDA:0,(anonymous_16)
FNDA:0,(anonymous_18)
FNDA:0,(anonymous_19)
DA:1,2
DA:2,2
DA:3,2
DA:5,2
DA:6,0
DA:7,0
DA:9,0
DA:11,0
DA:13,0
DA:17,0
DA:21,0
DA:25,0
LF:12
LH:4
BRDA:20,0,0,0
BRDA:20,0,1,0
BRDA:31,1,0,0
BRDA:31,1,1,0
BRF:4
BRH:0
end_of_record
TN:
SF:src\utils\ErrorHandler.ts
FN:1,(anonymous_0)
FNF:1
FNH:1
FNDA:2,(anonymous_0)
DA:1,2
DA:3,2
DA:4,2
DA:5,2
DA:8,2
DA:9,2
DA:10,2
DA:13,2
DA:14,2
DA:15,2
DA:16,2
DA:19,2
LF:12
LH:12
BRDA:1,0,0,2
BRDA:1,0,1,2
BRF:2
BRH:2
end_of_record
TN:
SF:src\utils\contractUtils.ts
FN:5,(anonymous_13)
FN:9,ContractService
FN:18,(anonymous_15)
FN:42,(anonymous_18)
FNF:4
FNH:2
FNDA:1,(anonymous_13)
FNDA:1,ContractService
FNDA:0,(anonymous_15)
FNDA:0,(anonymous_18)
DA:1,1
DA:3,1
DA:5,1
DA:10,1
DA:11,0
DA:18,1
DA:25,0
DA:26,0
DA:29,0
DA:35,0
DA:37,0
DA:38,0
DA:42,1
DA:49,0
DA:50,0
DA:53,0
DA:59,0
DA:61,0
DA:62,0
DA:65,1
LF:20
LH:7
BRDA:35,0,0,0
BRDA:25,1,0,0
BRDA:25,2,0,0
BRDA:25,2,1,0
BRDA:25,2,2,0
BRDA:59,3,0,0
BRDA:49,4,0,0
BRDA:49,5,0,0
BRDA:49,5,1,0
BRDA:49,5,2,0
BRF:10
BRH:0
end_of_record
TN:
SF:src\utils\networkUtils.ts
FN:7,(anonymous_13)
FN:8,(anonymous_15)
FN:19,(anonymous_18)
FNF:3
FNH:3
FNDA:1,(anonymous_13)
FNDA:2,(anonymous_15)
FNDA:1,(anonymous_18)
DA:1,1
DA:7,1
DA:8,1
DA:9,2
DA:10,2
DA:12,2
DA:13,1
DA:16,1
DA:19,1
DA:21,1
DA:25,1
DA:28,1
LF:12
LH:12
BRDA:9,0,0,2
BRDA:12,1,0,1
BRF:2
BRH:2
end_of_record
TN:
SF:src\utils\transactionTracker.ts
FN:1,(anonymous_13)
FN:15,(anonymous_14)
FN:18,(anonymous_16)
FNF:3
FNH:2
FNDA:1,(anonymous_13)
FNDA:1,(anonymous_14)
FNDA:0,(anonymous_16)
DA:1,1
DA:2,1
DA:3,1
DA:4,1
DA:5,1
DA:15,1
DA:16,1
DA:18,1
DA:23,0
DA:30,0
DA:31,0
DA:32,0
DA:35,0
DA:37,0
DA:38,0
DA:40,0
DA:42,0
DA:50,1
LF:18
LH:9
BRDA:1,0,0,1
BRDA:1,0,1,1
BRF:2
BRH:2
end_of_record
